{
  "RSpec": {
    "coverage": {
      "/Users/samirsoormally/Documents/Projects/tech-tests/tech-test-week/bank-tech-test/spec/account_spec.rb": [
        1,
        null,
        1,
        8,
        8,
        8,
        null,
        1,
        1,
        1,
        null,
        null,
        1,
        1,
        1,
        null,
        null,
        null,
        1,
        1,
        5,
        null,
        null,
        1,
        1,
        1,
        null,
        null,
        1,
        2,
        2,
        null,
        null,
        1,
        1,
        1,
        null,
        1,
        null,
        1,
        2,
        null,
        1,
        2,
        2,
        null,
        null,
        null,
        null
      ],
      "/Users/samirsoormally/Documents/Projects/tech-tests/tech-test-week/bank-tech-test/lib/account.rb": [
        1,
        1,
        null,
        1,
        11,
        11,
        null,
        null,
        1,
        4,
        null,
        null,
        1,
        8,
        8,
        8,
        null,
        null,
        1,
        8,
        4,
        null,
        3,
        3,
        null,
        null,
        1,
        null,
        1,
        16,
        14,
        null,
        null,
        null
      ],
      "/Users/samirsoormally/Documents/Projects/tech-tests/tech-test-week/bank-tech-test/spec/features/deposit_money_spec.rb": [
        1,
        null,
        1,
        1,
        1,
        1,
        null,
        1,
        null,
        null
      ],
      "/Users/samirsoormally/Documents/Projects/tech-tests/tech-test-week/bank-tech-test/spec/features/show_balance_spec.rb": [
        1,
        null,
        1,
        1,
        1,
        1,
        null,
        null
      ],
      "/Users/samirsoormally/Documents/Projects/tech-tests/tech-test-week/bank-tech-test/spec/features/show_statement_spec.rb": [
        1,
        1,
        1,
        null,
        1,
        1,
        1,
        null,
        1,
        1,
        1,
        null,
        2,
        null,
        null
      ],
      "/Users/samirsoormally/Documents/Projects/tech-tests/tech-test-week/bank-tech-test/lib/transaction.rb": [
        1,
        1,
        null,
        1,
        13,
        13,
        13,
        13,
        null,
        null
      ],
      "/Users/samirsoormally/Documents/Projects/tech-tests/tech-test-week/bank-tech-test/lib/transaction_history.rb": [
        1,
        1,
        null,
        1,
        10,
        null,
        null,
        1,
        7,
        null,
        null,
        1,
        4,
        4,
        6,
        6,
        null,
        4,
        null,
        null,
        1,
        null,
        1,
        4,
        null,
        null,
        null
      ],
      "/Users/samirsoormally/Documents/Projects/tech-tests/tech-test-week/bank-tech-test/spec/features/withdraw_money_spec.rb": [
        1,
        null,
        1,
        1,
        1,
        1,
        1,
        null,
        1,
        null,
        null
      ],
      "/Users/samirsoormally/Documents/Projects/tech-tests/tech-test-week/bank-tech-test/spec/transaction_history_spec.rb": [
        1,
        null,
        1,
        7,
        3,
        2,
        2,
        null,
        1,
        1,
        1,
        null,
        null,
        null,
        1,
        1,
        1,
        1,
        null,
        1,
        1,
        1,
        null,
        null,
        null,
        1,
        1,
        1,
        2,
        null,
        1,
        1,
        null,
        2,
        null,
        1,
        1,
        1,
        1,
        null,
        2,
        null,
        null,
        null,
        null,
        null
      ],
      "/Users/samirsoormally/Documents/Projects/tech-tests/tech-test-week/bank-tech-test/spec/transaction_spec.rb": [
        1,
        null,
        1,
        5,
        3,
        5,
        null,
        1,
        1,
        1,
        1,
        1,
        null,
        1,
        1,
        1,
        null,
        1,
        1,
        1,
        null,
        1,
        1,
        null,
        null,
        null,
        null,
        null
      ]
    },
    "timestamp": 1539097546
  }
}
